The system is: Linux - 4.1.4-1-ARCH - x86_64
Compiling the C compiler identification source file "CMakeCCompilerId.c" succeeded.
Compiler: /usr/bin/cc 
Build flags: 
Id flags: 

The output was:
0


Compilation of the C compiler identification source "CMakeCCompilerId.c" produced "a.out"

The C compiler identification is GNU, found in "/home/danielrs/Development/Projects/DwarfEngine/dependencies/build/GLFW/src/GLFW-build/CMakeFiles/3.3.0/CompilerIdC/a.out"

Determining if the C compiler works passed with the following output:
Change Dir: /home/danielrs/Development/Projects/DwarfEngine/dependencies/build/GLFW/src/GLFW-build/CMakeFiles/CMakeTmp

Run Build Command:"/usr/bin/make" "cmTC_12baf/fast"
make[3]: Entering directory '/home/danielrs/Development/Projects/DwarfEngine/dependencies/build/GLFW/src/GLFW-build/CMakeFiles/CMakeTmp'
/usr/bin/make -f CMakeFiles/cmTC_12baf.dir/build.make CMakeFiles/cmTC_12baf.dir/build
make[4]: Entering directory '/home/danielrs/Development/Projects/DwarfEngine/dependencies/build/GLFW/src/GLFW-build/CMakeFiles/CMakeTmp'
Building C object CMakeFiles/cmTC_12baf.dir/testCCompiler.c.o
/usr/bin/cc    -o CMakeFiles/cmTC_12baf.dir/testCCompiler.c.o   -c /home/danielrs/Development/Projects/DwarfEngine/dependencies/build/GLFW/src/GLFW-build/CMakeFiles/CMakeTmp/testCCompiler.c
Linking C executable cmTC_12baf
/usr/bin/cmake -E cmake_link_script CMakeFiles/cmTC_12baf.dir/link.txt --verbose=1
/usr/bin/cc       CMakeFiles/cmTC_12baf.dir/testCCompiler.c.o  -o cmTC_12baf -rdynamic 
make[4]: Leaving directory '/home/danielrs/Development/Projects/DwarfEngine/dependencies/build/GLFW/src/GLFW-build/CMakeFiles/CMakeTmp'
make[3]: Leaving directory '/home/danielrs/Development/Projects/DwarfEngine/dependencies/build/GLFW/src/GLFW-build/CMakeFiles/CMakeTmp'


Detecting C compiler ABI info compiled with the following output:
Change Dir: /home/danielrs/Development/Projects/DwarfEngine/dependencies/build/GLFW/src/GLFW-build/CMakeFiles/CMakeTmp

Run Build Command:"/usr/bin/make" "cmTC_4370a/fast"
make[3]: Entering directory '/home/danielrs/Development/Projects/DwarfEngine/dependencies/build/GLFW/src/GLFW-build/CMakeFiles/CMakeTmp'
/usr/bin/make -f CMakeFiles/cmTC_4370a.dir/build.make CMakeFiles/cmTC_4370a.dir/build
make[4]: Entering directory '/home/danielrs/Development/Projects/DwarfEngine/dependencies/build/GLFW/src/GLFW-build/CMakeFiles/CMakeTmp'
Building C object CMakeFiles/cmTC_4370a.dir/CMakeCCompilerABI.c.o
/usr/bin/cc    -o CMakeFiles/cmTC_4370a.dir/CMakeCCompilerABI.c.o   -c /usr/share/cmake-3.3/Modules/CMakeCCompilerABI.c
Linking C executable cmTC_4370a
/usr/bin/cmake -E cmake_link_script CMakeFiles/cmTC_4370a.dir/link.txt --verbose=1
/usr/bin/cc      -v CMakeFiles/cmTC_4370a.dir/CMakeCCompilerABI.c.o  -o cmTC_4370a -rdynamic  
Using built-in specs.
COLLECT_GCC=/usr/bin/cc
COLLECT_LTO_WRAPPER=/usr/lib/gcc/x86_64-unknown-linux-gnu/5.2.0/lto-wrapper
Target: x86_64-unknown-linux-gnu
Configured with: /build/gcc/src/gcc-5.2.0/configure --prefix=/usr --libdir=/usr/lib --libexecdir=/usr/lib --mandir=/usr/share/man --infodir=/usr/share/info --with-bugurl=https://bugs.archlinux.org/ --enable-languages=c,c++,ada,fortran,go,lto,objc,obj-c++ --enable-shared --enable-threads=posix --enable-libmpx --with-system-zlib --with-isl --enable-__cxa_atexit --disable-libunwind-exceptions --enable-clocale=gnu --disable-libstdcxx-pch --disable-libssp --enable-gnu-unique-object --enable-linker-build-id --enable-lto --enable-plugin --enable-install-libiberty --with-linker-hash-style=gnu --enable-gnu-indirect-function --disable-multilib --disable-werror --enable-checking=release --with-default-libstdcxx-abi=gcc4-compatible
Thread model: posix
gcc version 5.2.0 (GCC) 
COMPILER_PATH=/usr/lib/gcc/x86_64-unknown-linux-gnu/5.2.0/:/usr/lib/gcc/x86_64-unknown-linux-gnu/5.2.0/:/usr/lib/gcc/x86_64-unknown-linux-gnu/:/usr/lib/gcc/x86_64-unknown-linux-gnu/5.2.0/:/usr/lib/gcc/x86_64-unknown-linux-gnu/
LIBRARY_PATH=/usr/lib/gcc/x86_64-unknown-linux-gnu/5.2.0/:/usr/lib/gcc/x86_64-unknown-linux-gnu/5.2.0/../../../../lib/:/lib/../lib/:/usr/lib/../lib/:/usr/lib/gcc/x86_64-unknown-linux-gnu/5.2.0/../../../:/lib/:/usr/lib/
COLLECT_GCC_OPTIONS='-v' '-o' 'cmTC_4370a' '-rdynamic' '-mtune=generic' '-march=x86-64'
 /usr/lib/gcc/x86_64-unknown-linux-gnu/5.2.0/collect2 -plugin /usr/lib/gcc/x86_64-unknown-linux-gnu/5.2.0/liblto_plugin.so -plugin-opt=/usr/lib/gcc/x86_64-unknown-linux-gnu/5.2.0/lto-wrapper -plugin-opt=-fresolution=/tmp/cclskhNv.res -plugin-opt=-pass-through=-lgcc -plugin-opt=-pass-through=-lgcc_s -plugin-opt=-pass-through=-lc -plugin-opt=-pass-through=-lgcc -plugin-opt=-pass-through=-lgcc_s --build-id --eh-frame-hdr --hash-style=gnu -m elf_x86_64 -export-dynamic -dynamic-linker /lib64/ld-linux-x86-64.so.2 -o cmTC_4370a /usr/lib/gcc/x86_64-unknown-linux-gnu/5.2.0/../../../../lib/crt1.o /usr/lib/gcc/x86_64-unknown-linux-gnu/5.2.0/../../../../lib/crti.o /usr/lib/gcc/x86_64-unknown-linux-gnu/5.2.0/crtbegin.o -L/usr/lib/gcc/x86_64-unknown-linux-gnu/5.2.0 -L/usr/lib/gcc/x86_64-unknown-linux-gnu/5.2.0/../../../../lib -L/lib/../lib -L/usr/lib/../lib -L/usr/lib/gcc/x86_64-unknown-linux-gnu/5.2.0/../../.. CMakeFiles/cmTC_4370a.dir/CMakeCCompilerABI.c.o -lgcc --as-needed -lgcc_s --no-as-needed -lc -lgcc --as-needed -lgcc_s --no-as-needed /usr/lib/gcc/x86_64-unknown-linux-gnu/5.2.0/crtend.o /usr/lib/gcc/x86_64-unknown-linux-gnu/5.2.0/../../../../lib/crtn.o
make[4]: Leaving directory '/home/danielrs/Development/Projects/DwarfEngine/dependencies/build/GLFW/src/GLFW-build/CMakeFiles/CMakeTmp'
make[3]: Leaving directory '/home/danielrs/Development/Projects/DwarfEngine/dependencies/build/GLFW/src/GLFW-build/CMakeFiles/CMakeTmp'


Parsed C implicit link information from above output:
  link line regex: [^( *|.*[/\])(ld|([^/\]+-)?ld|collect2)[^/\]*( |$)]
  ignore line: [Change Dir: /home/danielrs/Development/Projects/DwarfEngine/dependencies/build/GLFW/src/GLFW-build/CMakeFiles/CMakeTmp]
  ignore line: []
  ignore line: [Run Build Command:"/usr/bin/make" "cmTC_4370a/fast"]
  ignore line: [make[3]: Entering directory '/home/danielrs/Development/Projects/DwarfEngine/dependencies/build/GLFW/src/GLFW-build/CMakeFiles/CMakeTmp']
  ignore line: [/usr/bin/make -f CMakeFiles/cmTC_4370a.dir/build.make CMakeFiles/cmTC_4370a.dir/build]
  ignore line: [make[4]: Entering directory '/home/danielrs/Development/Projects/DwarfEngine/dependencies/build/GLFW/src/GLFW-build/CMakeFiles/CMakeTmp']
  ignore line: [Building C object CMakeFiles/cmTC_4370a.dir/CMakeCCompilerABI.c.o]
  ignore line: [/usr/bin/cc    -o CMakeFiles/cmTC_4370a.dir/CMakeCCompilerABI.c.o   -c /usr/share/cmake-3.3/Modules/CMakeCCompilerABI.c]
  ignore line: [Linking C executable cmTC_4370a]
  ignore line: [/usr/bin/cmake -E cmake_link_script CMakeFiles/cmTC_4370a.dir/link.txt --verbose=1]
  ignore line: [/usr/bin/cc      -v CMakeFiles/cmTC_4370a.dir/CMakeCCompilerABI.c.o  -o cmTC_4370a -rdynamic  ]
  ignore line: [Using built-in specs.]
  ignore line: [COLLECT_GCC=/usr/bin/cc]
  ignore line: [COLLECT_LTO_WRAPPER=/usr/lib/gcc/x86_64-unknown-linux-gnu/5.2.0/lto-wrapper]
  ignore line: [Target: x86_64-unknown-linux-gnu]
  ignore line: [Configured with: /build/gcc/src/gcc-5.2.0/configure --prefix=/usr --libdir=/usr/lib --libexecdir=/usr/lib --mandir=/usr/share/man --infodir=/usr/share/info --with-bugurl=https://bugs.archlinux.org/ --enable-languages=c,c++,ada,fortran,go,lto,objc,obj-c++ --enable-shared --enable-threads=posix --enable-libmpx --with-system-zlib --with-isl --enable-__cxa_atexit --disable-libunwind-exceptions --enable-clocale=gnu --disable-libstdcxx-pch --disable-libssp --enable-gnu-unique-object --enable-linker-build-id --enable-lto --enable-plugin --enable-install-libiberty --with-linker-hash-style=gnu --enable-gnu-indirect-function --disable-multilib --disable-werror --enable-checking=release --with-default-libstdcxx-abi=gcc4-compatible]
  ignore line: [Thread model: posix]
  ignore line: [gcc version 5.2.0 (GCC) ]
  ignore line: [COMPILER_PATH=/usr/lib/gcc/x86_64-unknown-linux-gnu/5.2.0/:/usr/lib/gcc/x86_64-unknown-linux-gnu/5.2.0/:/usr/lib/gcc/x86_64-unknown-linux-gnu/:/usr/lib/gcc/x86_64-unknown-linux-gnu/5.2.0/:/usr/lib/gcc/x86_64-unknown-linux-gnu/]
  ignore line: [LIBRARY_PATH=/usr/lib/gcc/x86_64-unknown-linux-gnu/5.2.0/:/usr/lib/gcc/x86_64-unknown-linux-gnu/5.2.0/../../../../lib/:/lib/../lib/:/usr/lib/../lib/:/usr/lib/gcc/x86_64-unknown-linux-gnu/5.2.0/../../../:/lib/:/usr/lib/]
  ignore line: [COLLECT_GCC_OPTIONS='-v' '-o' 'cmTC_4370a' '-rdynamic' '-mtune=generic' '-march=x86-64']
  link line: [ /usr/lib/gcc/x86_64-unknown-linux-gnu/5.2.0/collect2 -plugin /usr/lib/gcc/x86_64-unknown-linux-gnu/5.2.0/liblto_plugin.so -plugin-opt=/usr/lib/gcc/x86_64-unknown-linux-gnu/5.2.0/lto-wrapper -plugin-opt=-fresolution=/tmp/cclskhNv.res -plugin-opt=-pass-through=-lgcc -plugin-opt=-pass-through=-lgcc_s -plugin-opt=-pass-through=-lc -plugin-opt=-pass-through=-lgcc -plugin-opt=-pass-through=-lgcc_s --build-id --eh-frame-hdr --hash-style=gnu -m elf_x86_64 -export-dynamic -dynamic-linker /lib64/ld-linux-x86-64.so.2 -o cmTC_4370a /usr/lib/gcc/x86_64-unknown-linux-gnu/5.2.0/../../../../lib/crt1.o /usr/lib/gcc/x86_64-unknown-linux-gnu/5.2.0/../../../../lib/crti.o /usr/lib/gcc/x86_64-unknown-linux-gnu/5.2.0/crtbegin.o -L/usr/lib/gcc/x86_64-unknown-linux-gnu/5.2.0 -L/usr/lib/gcc/x86_64-unknown-linux-gnu/5.2.0/../../../../lib -L/lib/../lib -L/usr/lib/../lib -L/usr/lib/gcc/x86_64-unknown-linux-gnu/5.2.0/../../.. CMakeFiles/cmTC_4370a.dir/CMakeCCompilerABI.c.o -lgcc --as-needed -lgcc_s --no-as-needed -lc -lgcc --as-needed -lgcc_s --no-as-needed /usr/lib/gcc/x86_64-unknown-linux-gnu/5.2.0/crtend.o /usr/lib/gcc/x86_64-unknown-linux-gnu/5.2.0/../../../../lib/crtn.o]
    arg [/usr/lib/gcc/x86_64-unknown-linux-gnu/5.2.0/collect2] ==> ignore
    arg [-plugin] ==> ignore
    arg [/usr/lib/gcc/x86_64-unknown-linux-gnu/5.2.0/liblto_plugin.so] ==> ignore
    arg [-plugin-opt=/usr/lib/gcc/x86_64-unknown-linux-gnu/5.2.0/lto-wrapper] ==> ignore
    arg [-plugin-opt=-fresolution=/tmp/cclskhNv.res] ==> ignore
    arg [-plugin-opt=-pass-through=-lgcc] ==> ignore
    arg [-plugin-opt=-pass-through=-lgcc_s] ==> ignore
    arg [-plugin-opt=-pass-through=-lc] ==> ignore
    arg [-plugin-opt=-pass-through=-lgcc] ==> ignore
    arg [-plugin-opt=-pass-through=-lgcc_s] ==> ignore
    arg [--build-id] ==> ignore
    arg [--eh-frame-hdr] ==> ignore
    arg [--hash-style=gnu] ==> ignore
    arg [-m] ==> ignore
    arg [elf_x86_64] ==> ignore
    arg [-export-dynamic] ==> ignore
    arg [-dynamic-linker] ==> ignore
    arg [/lib64/ld-linux-x86-64.so.2] ==> ignore
    arg [-o] ==> ignore
    arg [cmTC_4370a] ==> ignore
    arg [/usr/lib/gcc/x86_64-unknown-linux-gnu/5.2.0/../../../../lib/crt1.o] ==> ignore
    arg [/usr/lib/gcc/x86_64-unknown-linux-gnu/5.2.0/../../../../lib/crti.o] ==> ignore
    arg [/usr/lib/gcc/x86_64-unknown-linux-gnu/5.2.0/crtbegin.o] ==> ignore
    arg [-L/usr/lib/gcc/x86_64-unknown-linux-gnu/5.2.0] ==> dir [/usr/lib/gcc/x86_64-unknown-linux-gnu/5.2.0]
    arg [-L/usr/lib/gcc/x86_64-unknown-linux-gnu/5.2.0/../../../../lib] ==> dir [/usr/lib/gcc/x86_64-unknown-linux-gnu/5.2.0/../../../../lib]
    arg [-L/lib/../lib] ==> dir [/lib/../lib]
    arg [-L/usr/lib/../lib] ==> dir [/usr/lib/../lib]
    arg [-L/usr/lib/gcc/x86_64-unknown-linux-gnu/5.2.0/../../..] ==> dir [/usr/lib/gcc/x86_64-unknown-linux-gnu/5.2.0/../../..]
    arg [CMakeFiles/cmTC_4370a.dir/CMakeCCompilerABI.c.o] ==> ignore
    arg [-lgcc] ==> lib [gcc]
    arg [--as-needed] ==> ignore
    arg [-lgcc_s] ==> lib [gcc_s]
    arg [--no-as-needed] ==> ignore
    arg [-lc] ==> lib [c]
    arg [-lgcc] ==> lib [gcc]
    arg [--as-needed] ==> ignore
    arg [-lgcc_s] ==> lib [gcc_s]
    arg [--no-as-needed] ==> ignore
    arg [/usr/lib/gcc/x86_64-unknown-linux-gnu/5.2.0/crtend.o] ==> ignore
    arg [/usr/lib/gcc/x86_64-unknown-linux-gnu/5.2.0/../../../../lib/crtn.o] ==> ignore
  remove lib [gcc]
  remove lib [gcc_s]
  remove lib [gcc]
  remove lib [gcc_s]
  collapse library dir [/usr/lib/gcc/x86_64-unknown-linux-gnu/5.2.0] ==> [/usr/lib/gcc/x86_64-unknown-linux-gnu/5.2.0]
  collapse library dir [/usr/lib/gcc/x86_64-unknown-linux-gnu/5.2.0/../../../../lib] ==> [/usr/lib]
  collapse library dir [/lib/../lib] ==> [/lib]
  collapse library dir [/usr/lib/../lib] ==> [/usr/lib]
  collapse library dir [/usr/lib/gcc/x86_64-unknown-linux-gnu/5.2.0/../../..] ==> [/usr/lib]
  implicit libs: [c]
  implicit dirs: [/usr/lib/gcc/x86_64-unknown-linux-gnu/5.2.0;/usr/lib;/lib]
  implicit fwks: []




Detecting C [-std=c11] compiler features compiled with the following output:
Change Dir: /home/danielrs/Development/Projects/DwarfEngine/dependencies/build/GLFW/src/GLFW-build/CMakeFiles/CMakeTmp

Run Build Command:"/usr/bin/make" "cmTC_7074f/fast"
make[3]: Entering directory '/home/danielrs/Development/Projects/DwarfEngine/dependencies/build/GLFW/src/GLFW-build/CMakeFiles/CMakeTmp'
/usr/bin/make -f CMakeFiles/cmTC_7074f.dir/build.make CMakeFiles/cmTC_7074f.dir/build
make[4]: Entering directory '/home/danielrs/Development/Projects/DwarfEngine/dependencies/build/GLFW/src/GLFW-build/CMakeFiles/CMakeTmp'
Building C object CMakeFiles/cmTC_7074f.dir/feature_tests.c.o
/usr/bin/cc   -std=c11 -o CMakeFiles/cmTC_7074f.dir/feature_tests.c.o   -c /home/danielrs/Development/Projects/DwarfEngine/dependencies/build/GLFW/src/GLFW-build/CMakeFiles/feature_tests.c
Linking C executable cmTC_7074f
/usr/bin/cmake -E cmake_link_script CMakeFiles/cmTC_7074f.dir/link.txt --verbose=1
/usr/bin/cc       CMakeFiles/cmTC_7074f.dir/feature_tests.c.o  -o cmTC_7074f -rdynamic 
make[4]: Leaving directory '/home/danielrs/Development/Projects/DwarfEngine/dependencies/build/GLFW/src/GLFW-build/CMakeFiles/CMakeTmp'
make[3]: Leaving directory '/home/danielrs/Development/Projects/DwarfEngine/dependencies/build/GLFW/src/GLFW-build/CMakeFiles/CMakeTmp'


    Feature record: C_FEATURE:1c_function_prototypes
    Feature record: C_FEATURE:1c_restrict
    Feature record: C_FEATURE:1c_static_assert
    Feature record: C_FEATURE:1c_variadic_macros


Detecting C [-std=c99] compiler features compiled with the following output:
Change Dir: /home/danielrs/Development/Projects/DwarfEngine/dependencies/build/GLFW/src/GLFW-build/CMakeFiles/CMakeTmp

Run Build Command:"/usr/bin/make" "cmTC_045ab/fast"
make[3]: Entering directory '/home/danielrs/Development/Projects/DwarfEngine/dependencies/build/GLFW/src/GLFW-build/CMakeFiles/CMakeTmp'
/usr/bin/make -f CMakeFiles/cmTC_045ab.dir/build.make CMakeFiles/cmTC_045ab.dir/build
make[4]: Entering directory '/home/danielrs/Development/Projects/DwarfEngine/dependencies/build/GLFW/src/GLFW-build/CMakeFiles/CMakeTmp'
Building C object CMakeFiles/cmTC_045ab.dir/feature_tests.c.o
/usr/bin/cc   -std=c99 -o CMakeFiles/cmTC_045ab.dir/feature_tests.c.o   -c /home/danielrs/Development/Projects/DwarfEngine/dependencies/build/GLFW/src/GLFW-build/CMakeFiles/feature_tests.c
Linking C executable cmTC_045ab
/usr/bin/cmake -E cmake_link_script CMakeFiles/cmTC_045ab.dir/link.txt --verbose=1
/usr/bin/cc       CMakeFiles/cmTC_045ab.dir/feature_tests.c.o  -o cmTC_045ab -rdynamic 
make[4]: Leaving directory '/home/danielrs/Development/Projects/DwarfEngine/dependencies/build/GLFW/src/GLFW-build/CMakeFiles/CMakeTmp'
make[3]: Leaving directory '/home/danielrs/Development/Projects/DwarfEngine/dependencies/build/GLFW/src/GLFW-build/CMakeFiles/CMakeTmp'


    Feature record: C_FEATURE:1c_function_prototypes
    Feature record: C_FEATURE:1c_restrict
    Feature record: C_FEATURE:0c_static_assert
    Feature record: C_FEATURE:1c_variadic_macros


Detecting C [-std=c90] compiler features compiled with the following output:
Change Dir: /home/danielrs/Development/Projects/DwarfEngine/dependencies/build/GLFW/src/GLFW-build/CMakeFiles/CMakeTmp

Run Build Command:"/usr/bin/make" "cmTC_7e143/fast"
make[3]: Entering directory '/home/danielrs/Development/Projects/DwarfEngine/dependencies/build/GLFW/src/GLFW-build/CMakeFiles/CMakeTmp'
/usr/bin/make -f CMakeFiles/cmTC_7e143.dir/build.make CMakeFiles/cmTC_7e143.dir/build
make[4]: Entering directory '/home/danielrs/Development/Projects/DwarfEngine/dependencies/build/GLFW/src/GLFW-build/CMakeFiles/CMakeTmp'
Building C object CMakeFiles/cmTC_7e143.dir/feature_tests.c.o
/usr/bin/cc   -std=c90 -o CMakeFiles/cmTC_7e143.dir/feature_tests.c.o   -c /home/danielrs/Development/Projects/DwarfEngine/dependencies/build/GLFW/src/GLFW-build/CMakeFiles/feature_tests.c
Linking C executable cmTC_7e143
/usr/bin/cmake -E cmake_link_script CMakeFiles/cmTC_7e143.dir/link.txt --verbose=1
/usr/bin/cc       CMakeFiles/cmTC_7e143.dir/feature_tests.c.o  -o cmTC_7e143 -rdynamic 
make[4]: Leaving directory '/home/danielrs/Development/Projects/DwarfEngine/dependencies/build/GLFW/src/GLFW-build/CMakeFiles/CMakeTmp'
make[3]: Leaving directory '/home/danielrs/Development/Projects/DwarfEngine/dependencies/build/GLFW/src/GLFW-build/CMakeFiles/CMakeTmp'


    Feature record: C_FEATURE:1c_function_prototypes
    Feature record: C_FEATURE:0c_restrict
    Feature record: C_FEATURE:0c_static_assert
    Feature record: C_FEATURE:0c_variadic_macros
Determining if files pthread.h exist passed with the following output:
Change Dir: /home/danielrs/Development/Projects/DwarfEngine/dependencies/build/GLFW/src/GLFW-build/CMakeFiles/CMakeTmp

Run Build Command:"/usr/bin/make" "cmTC_e721b/fast"
make[3]: Entering directory '/home/danielrs/Development/Projects/DwarfEngine/dependencies/build/GLFW/src/GLFW-build/CMakeFiles/CMakeTmp'
/usr/bin/make -f CMakeFiles/cmTC_e721b.dir/build.make CMakeFiles/cmTC_e721b.dir/build
make[4]: Entering directory '/home/danielrs/Development/Projects/DwarfEngine/dependencies/build/GLFW/src/GLFW-build/CMakeFiles/CMakeTmp'
Building C object CMakeFiles/cmTC_e721b.dir/CheckIncludeFiles.c.o
/usr/bin/cc    -o CMakeFiles/cmTC_e721b.dir/CheckIncludeFiles.c.o   -c /home/danielrs/Development/Projects/DwarfEngine/dependencies/build/GLFW/src/GLFW-build/CMakeFiles/CMakeTmp/CheckIncludeFiles.c
Linking C executable cmTC_e721b
/usr/bin/cmake -E cmake_link_script CMakeFiles/cmTC_e721b.dir/link.txt --verbose=1
/usr/bin/cc       CMakeFiles/cmTC_e721b.dir/CheckIncludeFiles.c.o  -o cmTC_e721b -rdynamic 
make[4]: Leaving directory '/home/danielrs/Development/Projects/DwarfEngine/dependencies/build/GLFW/src/GLFW-build/CMakeFiles/CMakeTmp'
make[3]: Leaving directory '/home/danielrs/Development/Projects/DwarfEngine/dependencies/build/GLFW/src/GLFW-build/CMakeFiles/CMakeTmp'


Determining if the function pthread_create exists in the pthread passed with the following output:
Change Dir: /home/danielrs/Development/Projects/DwarfEngine/dependencies/build/GLFW/src/GLFW-build/CMakeFiles/CMakeTmp

Run Build Command:"/usr/bin/make" "cmTC_f122b/fast"
make[3]: Entering directory '/home/danielrs/Development/Projects/DwarfEngine/dependencies/build/GLFW/src/GLFW-build/CMakeFiles/CMakeTmp'
/usr/bin/make -f CMakeFiles/cmTC_f122b.dir/build.make CMakeFiles/cmTC_f122b.dir/build
make[4]: Entering directory '/home/danielrs/Development/Projects/DwarfEngine/dependencies/build/GLFW/src/GLFW-build/CMakeFiles/CMakeTmp'
Building C object CMakeFiles/cmTC_f122b.dir/CheckFunctionExists.c.o
/usr/bin/cc   -DCHECK_FUNCTION_EXISTS=pthread_create   -o CMakeFiles/cmTC_f122b.dir/CheckFunctionExists.c.o   -c /usr/share/cmake-3.3/Modules/CheckFunctionExists.c
Linking C executable cmTC_f122b
/usr/bin/cmake -E cmake_link_script CMakeFiles/cmTC_f122b.dir/link.txt --verbose=1
/usr/bin/cc   -DCHECK_FUNCTION_EXISTS=pthread_create    CMakeFiles/cmTC_f122b.dir/CheckFunctionExists.c.o  -o cmTC_f122b -rdynamic -lpthread 
make[4]: Leaving directory '/home/danielrs/Development/Projects/DwarfEngine/dependencies/build/GLFW/src/GLFW-build/CMakeFiles/CMakeTmp'
make[3]: Leaving directory '/home/danielrs/Development/Projects/DwarfEngine/dependencies/build/GLFW/src/GLFW-build/CMakeFiles/CMakeTmp'


Determining if the function XOpenDisplay exists in the /usr/lib64/libX11.so;/usr/lib64/libXext.so passed with the following output:
Change Dir: /home/danielrs/Development/Projects/DwarfEngine/dependencies/build/GLFW/src/GLFW-build/CMakeFiles/CMakeTmp

Run Build Command:"/usr/bin/make" "cmTC_4628f/fast"
make[3]: Entering directory '/home/danielrs/Development/Projects/DwarfEngine/dependencies/build/GLFW/src/GLFW-build/CMakeFiles/CMakeTmp'
/usr/bin/make -f CMakeFiles/cmTC_4628f.dir/build.make CMakeFiles/cmTC_4628f.dir/build
make[4]: Entering directory '/home/danielrs/Development/Projects/DwarfEngine/dependencies/build/GLFW/src/GLFW-build/CMakeFiles/CMakeTmp'
Building C object CMakeFiles/cmTC_4628f.dir/CheckFunctionExists.c.o
/usr/bin/cc   -DCHECK_FUNCTION_EXISTS=XOpenDisplay   -o CMakeFiles/cmTC_4628f.dir/CheckFunctionExists.c.o   -c /usr/share/cmake-3.3/Modules/CheckFunctionExists.c
Linking C executable cmTC_4628f
/usr/bin/cmake -E cmake_link_script CMakeFiles/cmTC_4628f.dir/link.txt --verbose=1
/usr/bin/cc   -DCHECK_FUNCTION_EXISTS=XOpenDisplay    CMakeFiles/cmTC_4628f.dir/CheckFunctionExists.c.o  -o cmTC_4628f -rdynamic /usr/lib64/libX11.so /usr/lib64/libXext.so 
make[4]: Leaving directory '/home/danielrs/Development/Projects/DwarfEngine/dependencies/build/GLFW/src/GLFW-build/CMakeFiles/CMakeTmp'
make[3]: Leaving directory '/home/danielrs/Development/Projects/DwarfEngine/dependencies/build/GLFW/src/GLFW-build/CMakeFiles/CMakeTmp'


Determining if the function gethostbyname exists passed with the following output:
Change Dir: /home/danielrs/Development/Projects/DwarfEngine/dependencies/build/GLFW/src/GLFW-build/CMakeFiles/CMakeTmp

Run Build Command:"/usr/bin/make" "cmTC_8563e/fast"
make[3]: Entering directory '/home/danielrs/Development/Projects/DwarfEngine/dependencies/build/GLFW/src/GLFW-build/CMakeFiles/CMakeTmp'
/usr/bin/make -f CMakeFiles/cmTC_8563e.dir/build.make CMakeFiles/cmTC_8563e.dir/build
make[4]: Entering directory '/home/danielrs/Development/Projects/DwarfEngine/dependencies/build/GLFW/src/GLFW-build/CMakeFiles/CMakeTmp'
Building C object CMakeFiles/cmTC_8563e.dir/CheckFunctionExists.c.o
/usr/bin/cc   -DCHECK_FUNCTION_EXISTS=gethostbyname   -o CMakeFiles/cmTC_8563e.dir/CheckFunctionExists.c.o   -c /usr/share/cmake-3.3/Modules/CheckFunctionExists.c
Linking C executable cmTC_8563e
/usr/bin/cmake -E cmake_link_script CMakeFiles/cmTC_8563e.dir/link.txt --verbose=1
/usr/bin/cc   -DCHECK_FUNCTION_EXISTS=gethostbyname    CMakeFiles/cmTC_8563e.dir/CheckFunctionExists.c.o  -o cmTC_8563e -rdynamic 
make[4]: Leaving directory '/home/danielrs/Development/Projects/DwarfEngine/dependencies/build/GLFW/src/GLFW-build/CMakeFiles/CMakeTmp'
make[3]: Leaving directory '/home/danielrs/Development/Projects/DwarfEngine/dependencies/build/GLFW/src/GLFW-build/CMakeFiles/CMakeTmp'


Determining if the function connect exists passed with the following output:
Change Dir: /home/danielrs/Development/Projects/DwarfEngine/dependencies/build/GLFW/src/GLFW-build/CMakeFiles/CMakeTmp

Run Build Command:"/usr/bin/make" "cmTC_77e4a/fast"
make[3]: Entering directory '/home/danielrs/Development/Projects/DwarfEngine/dependencies/build/GLFW/src/GLFW-build/CMakeFiles/CMakeTmp'
/usr/bin/make -f CMakeFiles/cmTC_77e4a.dir/build.make CMakeFiles/cmTC_77e4a.dir/build
make[4]: Entering directory '/home/danielrs/Development/Projects/DwarfEngine/dependencies/build/GLFW/src/GLFW-build/CMakeFiles/CMakeTmp'
Building C object CMakeFiles/cmTC_77e4a.dir/CheckFunctionExists.c.o
/usr/bin/cc   -DCHECK_FUNCTION_EXISTS=connect   -o CMakeFiles/cmTC_77e4a.dir/CheckFunctionExists.c.o   -c /usr/share/cmake-3.3/Modules/CheckFunctionExists.c
Linking C executable cmTC_77e4a
/usr/bin/cmake -E cmake_link_script CMakeFiles/cmTC_77e4a.dir/link.txt --verbose=1
/usr/bin/cc   -DCHECK_FUNCTION_EXISTS=connect    CMakeFiles/cmTC_77e4a.dir/CheckFunctionExists.c.o  -o cmTC_77e4a -rdynamic 
make[4]: Leaving directory '/home/danielrs/Development/Projects/DwarfEngine/dependencies/build/GLFW/src/GLFW-build/CMakeFiles/CMakeTmp'
make[3]: Leaving directory '/home/danielrs/Development/Projects/DwarfEngine/dependencies/build/GLFW/src/GLFW-build/CMakeFiles/CMakeTmp'


Determining if the function remove exists passed with the following output:
Change Dir: /home/danielrs/Development/Projects/DwarfEngine/dependencies/build/GLFW/src/GLFW-build/CMakeFiles/CMakeTmp

Run Build Command:"/usr/bin/make" "cmTC_cab29/fast"
make[3]: Entering directory '/home/danielrs/Development/Projects/DwarfEngine/dependencies/build/GLFW/src/GLFW-build/CMakeFiles/CMakeTmp'
/usr/bin/make -f CMakeFiles/cmTC_cab29.dir/build.make CMakeFiles/cmTC_cab29.dir/build
make[4]: Entering directory '/home/danielrs/Development/Projects/DwarfEngine/dependencies/build/GLFW/src/GLFW-build/CMakeFiles/CMakeTmp'
Building C object CMakeFiles/cmTC_cab29.dir/CheckFunctionExists.c.o
/usr/bin/cc   -DCHECK_FUNCTION_EXISTS=remove   -o CMakeFiles/cmTC_cab29.dir/CheckFunctionExists.c.o   -c /usr/share/cmake-3.3/Modules/CheckFunctionExists.c
Linking C executable cmTC_cab29
/usr/bin/cmake -E cmake_link_script CMakeFiles/cmTC_cab29.dir/link.txt --verbose=1
/usr/bin/cc   -DCHECK_FUNCTION_EXISTS=remove    CMakeFiles/cmTC_cab29.dir/CheckFunctionExists.c.o  -o cmTC_cab29 -rdynamic 
make[4]: Leaving directory '/home/danielrs/Development/Projects/DwarfEngine/dependencies/build/GLFW/src/GLFW-build/CMakeFiles/CMakeTmp'
make[3]: Leaving directory '/home/danielrs/Development/Projects/DwarfEngine/dependencies/build/GLFW/src/GLFW-build/CMakeFiles/CMakeTmp'


Determining if the function shmat exists passed with the following output:
Change Dir: /home/danielrs/Development/Projects/DwarfEngine/dependencies/build/GLFW/src/GLFW-build/CMakeFiles/CMakeTmp

Run Build Command:"/usr/bin/make" "cmTC_03e56/fast"
make[3]: Entering directory '/home/danielrs/Development/Projects/DwarfEngine/dependencies/build/GLFW/src/GLFW-build/CMakeFiles/CMakeTmp'
/usr/bin/make -f CMakeFiles/cmTC_03e56.dir/build.make CMakeFiles/cmTC_03e56.dir/build
make[4]: Entering directory '/home/danielrs/Development/Projects/DwarfEngine/dependencies/build/GLFW/src/GLFW-build/CMakeFiles/CMakeTmp'
Building C object CMakeFiles/cmTC_03e56.dir/CheckFunctionExists.c.o
/usr/bin/cc   -DCHECK_FUNCTION_EXISTS=shmat   -o CMakeFiles/cmTC_03e56.dir/CheckFunctionExists.c.o   -c /usr/share/cmake-3.3/Modules/CheckFunctionExists.c
Linking C executable cmTC_03e56
/usr/bin/cmake -E cmake_link_script CMakeFiles/cmTC_03e56.dir/link.txt --verbose=1
/usr/bin/cc   -DCHECK_FUNCTION_EXISTS=shmat    CMakeFiles/cmTC_03e56.dir/CheckFunctionExists.c.o  -o cmTC_03e56 -rdynamic 
make[4]: Leaving directory '/home/danielrs/Development/Projects/DwarfEngine/dependencies/build/GLFW/src/GLFW-build/CMakeFiles/CMakeTmp'
make[3]: Leaving directory '/home/danielrs/Development/Projects/DwarfEngine/dependencies/build/GLFW/src/GLFW-build/CMakeFiles/CMakeTmp'


Determining if the function IceConnectionNumber exists in the ICE passed with the following output:
Change Dir: /home/danielrs/Development/Projects/DwarfEngine/dependencies/build/GLFW/src/GLFW-build/CMakeFiles/CMakeTmp

Run Build Command:"/usr/bin/make" "cmTC_9afbf/fast"
make[3]: Entering directory '/home/danielrs/Development/Projects/DwarfEngine/dependencies/build/GLFW/src/GLFW-build/CMakeFiles/CMakeTmp'
/usr/bin/make -f CMakeFiles/cmTC_9afbf.dir/build.make CMakeFiles/cmTC_9afbf.dir/build
make[4]: Entering directory '/home/danielrs/Development/Projects/DwarfEngine/dependencies/build/GLFW/src/GLFW-build/CMakeFiles/CMakeTmp'
Building C object CMakeFiles/cmTC_9afbf.dir/CheckFunctionExists.c.o
/usr/bin/cc   -DCHECK_FUNCTION_EXISTS=IceConnectionNumber   -o CMakeFiles/cmTC_9afbf.dir/CheckFunctionExists.c.o   -c /usr/share/cmake-3.3/Modules/CheckFunctionExists.c
Linking C executable cmTC_9afbf
/usr/bin/cmake -E cmake_link_script CMakeFiles/cmTC_9afbf.dir/link.txt --verbose=1
/usr/bin/cc   -DCHECK_FUNCTION_EXISTS=IceConnectionNumber    CMakeFiles/cmTC_9afbf.dir/CheckFunctionExists.c.o  -o cmTC_9afbf -rdynamic -lICE 
make[4]: Leaving directory '/home/danielrs/Development/Projects/DwarfEngine/dependencies/build/GLFW/src/GLFW-build/CMakeFiles/CMakeTmp'
make[3]: Leaving directory '/home/danielrs/Development/Projects/DwarfEngine/dependencies/build/GLFW/src/GLFW-build/CMakeFiles/CMakeTmp'


