Determining if the pthread_create exist failed with the following output:
Change Dir: /home/danielrs/Development/Projects/DwarfEngine/dependencies/build/GLFW/src/GLFW-build/CMakeFiles/CMakeTmp

Run Build Command:"/usr/bin/make" "cmTC_ecd29/fast"
make[3]: Entering directory '/home/danielrs/Development/Projects/DwarfEngine/dependencies/build/GLFW/src/GLFW-build/CMakeFiles/CMakeTmp'
/usr/bin/make -f CMakeFiles/cmTC_ecd29.dir/build.make CMakeFiles/cmTC_ecd29.dir/build
make[4]: Entering directory '/home/danielrs/Development/Projects/DwarfEngine/dependencies/build/GLFW/src/GLFW-build/CMakeFiles/CMakeTmp'
Building C object CMakeFiles/cmTC_ecd29.dir/CheckSymbolExists.c.o
/usr/bin/cc    -o CMakeFiles/cmTC_ecd29.dir/CheckSymbolExists.c.o   -c /home/danielrs/Development/Projects/DwarfEngine/dependencies/build/GLFW/src/GLFW-build/CMakeFiles/CMakeTmp/CheckSymbolExists.c
Linking C executable cmTC_ecd29
/usr/bin/cmake -E cmake_link_script CMakeFiles/cmTC_ecd29.dir/link.txt --verbose=1
/usr/bin/cc       CMakeFiles/cmTC_ecd29.dir/CheckSymbolExists.c.o  -o cmTC_ecd29 -rdynamic 
CMakeFiles/cmTC_ecd29.dir/CheckSymbolExists.c.o: In function `main':
CheckSymbolExists.c:(.text+0x16): undefined reference to `pthread_create'
collect2: error: ld returned 1 exit status
CMakeFiles/cmTC_ecd29.dir/build.make:97: recipe for target 'cmTC_ecd29' failed
make[4]: *** [cmTC_ecd29] Error 1
make[4]: Leaving directory '/home/danielrs/Development/Projects/DwarfEngine/dependencies/build/GLFW/src/GLFW-build/CMakeFiles/CMakeTmp'
Makefile:126: recipe for target 'cmTC_ecd29/fast' failed
make[3]: Leaving directory '/home/danielrs/Development/Projects/DwarfEngine/dependencies/build/GLFW/src/GLFW-build/CMakeFiles/CMakeTmp'
make[3]: *** [cmTC_ecd29/fast] Error 2

File /home/danielrs/Development/Projects/DwarfEngine/dependencies/build/GLFW/src/GLFW-build/CMakeFiles/CMakeTmp/CheckSymbolExists.c:
/* */
#include <pthread.h>

int main(int argc, char** argv)
{
  (void)argv;
#ifndef pthread_create
  return ((int*)(&pthread_create))[argc];
#else
  (void)argc;
  return 0;
#endif
}

Determining if the function pthread_create exists in the pthreads failed with the following output:
Change Dir: /home/danielrs/Development/Projects/DwarfEngine/dependencies/build/GLFW/src/GLFW-build/CMakeFiles/CMakeTmp

Run Build Command:"/usr/bin/make" "cmTC_42d4e/fast"
make[3]: Entering directory '/home/danielrs/Development/Projects/DwarfEngine/dependencies/build/GLFW/src/GLFW-build/CMakeFiles/CMakeTmp'
/usr/bin/make -f CMakeFiles/cmTC_42d4e.dir/build.make CMakeFiles/cmTC_42d4e.dir/build
make[4]: Entering directory '/home/danielrs/Development/Projects/DwarfEngine/dependencies/build/GLFW/src/GLFW-build/CMakeFiles/CMakeTmp'
Building C object CMakeFiles/cmTC_42d4e.dir/CheckFunctionExists.c.o
/usr/bin/cc   -DCHECK_FUNCTION_EXISTS=pthread_create   -o CMakeFiles/cmTC_42d4e.dir/CheckFunctionExists.c.o   -c /usr/share/cmake-3.3/Modules/CheckFunctionExists.c
Linking C executable cmTC_42d4e
/usr/bin/cmake -E cmake_link_script CMakeFiles/cmTC_42d4e.dir/link.txt --verbose=1
/usr/bin/cc   -DCHECK_FUNCTION_EXISTS=pthread_create    CMakeFiles/cmTC_42d4e.dir/CheckFunctionExists.c.o  -o cmTC_42d4e -rdynamic -lpthreads 
/usr/bin/ld: cannot find -lpthreads
collect2: error: ld returned 1 exit status
CMakeFiles/cmTC_42d4e.dir/build.make:97: recipe for target 'cmTC_42d4e' failed
make[4]: *** [cmTC_42d4e] Error 1
make[4]: Leaving directory '/home/danielrs/Development/Projects/DwarfEngine/dependencies/build/GLFW/src/GLFW-build/CMakeFiles/CMakeTmp'
Makefile:126: recipe for target 'cmTC_42d4e/fast' failed
make[3]: Leaving directory '/home/danielrs/Development/Projects/DwarfEngine/dependencies/build/GLFW/src/GLFW-build/CMakeFiles/CMakeTmp'
make[3]: *** [cmTC_42d4e/fast] Error 2


